<?xml version="1.0" encoding="UTF-8"?>
<!-- Generated by org.testng.reporters.JUnitXMLReporter -->
<testsuite ignored="5" hostname="DESKTOP-08VGCD0" failures="2" tests="3" name="Test(failed)(failed)" time="1.141" errors="0" timestamp="2022-06-23T03:26:09 IST">
  <testcase classname="testNG_Keywords.DependsOnMethod" name="A" time="0.016">
    <failure type="java.lang.AssertionError" message="null">
      <![CDATA[java.lang.AssertionError: null
at testNG_Keywords.DependsOnMethod.A(DependsOnMethod.java:10)
at java.base/java.util.ArrayList.forEach(ArrayList.java:1541)
... Removed 29 stack frames]]>
    </failure>
  </testcase> <!-- A -->
  <testcase classname="testNG_Keywords.DependsOnMethod" name="B" time="0.0">
    <skipped/>
  </testcase> <!-- B -->
  <testcase classname="testNG_Keywords.TimeOut_use" name="B" time="1.032">
    <failure type="org.testng.internal.thread.ThreadTimeoutException" message="Method testNG_Keywords.TimeOut_use.B() didn&amp;apos;t finish within the time-out 1000">
      <![CDATA[org.testng.internal.thread.ThreadTimeoutException: Method testNG_Keywords.TimeOut_use.B() didn't finish within the time-out 1000
at java.base/java.util.ArrayList.forEach(ArrayList.java:1541)
... Removed 24 stack frames]]>
    </failure>
  </testcase> <!-- B -->
  <testcase classname="testNG_Keywords.TimeOut_use" name="C" time="0.0">
    <ignored/>
  </testcase> <!-- C -->
  <testcase classname="testNG_Keywords.DependsOnMethod" name="D" time="0.0">
    <ignored/>
  </testcase> <!-- D -->
  <testcase classname="testNG_Keywords.DependsOnMethod" name="C" time="0.0">
    <ignored/>
  </testcase> <!-- C -->
  <testcase classname="testNG_Keywords.TimeOut_use" name="D" time="0.0">
    <ignored/>
  </testcase> <!-- D -->
  <testcase classname="testNG_Keywords.TimeOut_use" name="A" time="0.0">
    <ignored/>
  </testcase> <!-- A -->
</testsuite> <!-- Test(failed)(failed) -->
