<?xml version="1.0" encoding="UTF-8"?>
<!-- Generated by org.testng.reporters.JUnitXMLReporter -->
<testsuite ignored="0" hostname="DESKTOP-08VGCD0" failures="0" tests="3" name="Test1" time="28.786" errors="0" timestamp="2022-06-23T03:46:03 IST">
  <testcase classname="testNG_annotation.NewTest1" name="m1" time="6.373"/>
  <testcase classname="testNG_annotation.NewTest1" name="m2" time="11.412"/>
  <testcase classname="testNG_annotation.NewTest1" name="m3" time="10.985"/>
</testsuite> <!-- Test1 -->
