<?xml version="1.0" encoding="UTF-8"?>
<!-- Generated by org.testng.reporters.JUnitXMLReporter -->
<testsuite ignored="0" hostname="DESKTOP-08VGCD0" failures="0" tests="1" name="Test" time="8.574" errors="0" timestamp="2022-06-28T18:43:00 IST">
  <testcase classname="testNG_Cross_browser_with_excel.Cross_browser_Kite_TestClass" name="@BeforeMethod login_kite_page_excel" time="0.001">
    <failure type="java.lang.NullPointerException">
      <![CDATA[java.lang.NullPointerException
at testNG_Cross_browser_with_excel.Cross_browser_Kite_TestClass.login_kite_page_excel(Cross_browser_Kite_TestClass.java:65)
at java.base/java.util.ArrayList.forEach(ArrayList.java:1541)
... Removed 31 stack frames]]>
    </failure>
  </testcase> <!-- @BeforeMethod login_kite_page_excel -->
  <testcase classname="testNG_Cross_browser_with_excel.Cross_browser_Kite_TestClass" name="@AfterMethod logout" time="-1.656421980209E9">
    <skipped/>
  </testcase> <!-- @AfterMethod logout -->
  <testcase classname="testNG_Cross_browser_with_excel.Cross_browser_Kite_TestClass" name="@AfterClass closeBrowser" time="-1.656421980214E9">
    <skipped/>
  </testcase> <!-- @AfterClass closeBrowser -->
  <testcase classname="testNG_Cross_browser_with_excel.Cross_browser_Kite_TestClass" name="validate_user" time="0.0">
    <skipped/>
  </testcase> <!-- validate_user -->
</testsuite> <!-- Test -->
